<?xml version="1.0" encoding="UTF-8"?>
<!-- Generated by org.testng.reporters.JUnitReportReporter -->
<testsuite skipped="0" hostname="yyets" name="api.TestGet" tests="1" failures="0" timestamp="17 六月 2019 12:29:51 GMT" time="0.038" errors="0">
  <testcase name="testGetRequest" time="0.038" classname="api.TestGet"/>
</testsuite> <!-- api.TestGet -->
