<?xml version="1.0" encoding="UTF-8"?>
<!-- Generated by org.testng.reporters.JUnitReportReporter -->
<testsuite skipped="0" hostname="yyets" name="api.TestPost" tests="1" failures="0" timestamp="17 六月 2019 12:29:51 GMT" time="0.413" errors="0">
  <testcase name="testPostRequest" time="0.413" classname="api.TestPost"/>
</testsuite> <!-- api.TestPost -->
